Arguments: 
  C:\Program Files\nodejs\node.exe C:\Program Files (x86)\Yarn\bin\yarn.js add express nodemon express-handlebar

PATH: 
  C:\Program Files (x86)\Common Files\Oracle\Java\javapath;C:\ProgramData\Oracle\Java\javapath;C:\Windows\system32;C:\Windows;C:\Windows\System32\Wbem;C:\Windows\System32\WindowsPowerShell\v1.0\;C:\Windows\System32\OpenSSH\;C:\Program Files\PuTTY\;C:\windows\system32;C:\Program Files (x86)\Yarn\bin\;C:\Program Files\Docker\Docker\resources\bin;C:\ProgramData\DockerDesktop\version-bin;C:\Program Files (x86)\NVIDIA Corporation\PhysX\Common;C:\Program Files\NVIDIA Corporation\NVIDIA NvDLISR;C:\WINDOWS\system32;C:\WINDOWS;C:\WINDOWS\System32\Wbem;C:\WINDOWS\System32\WindowsPowerShell\v1.0\;C:\WINDOWS\System32\OpenSSH\;C:\Program Files\Git\cmd;C:\xampp\php;C:\ProgramData\ComposerSetup\bin;C:\xampp\php\php.exe;%NVM_HOME%;%NVM_SYMLINK%;C:\Program Files\nodejs\;C:\Users\twist\AppData\Local\Microsoft\WindowsApps;C:\Users\twist\AppData\Local\Programs\Microsoft VS Code\bin;C:\Users\twist\AppData\Local\Yarn\bin;C:\Users\twist\AppData\Roaming\Composer\vendor\bin;C:\Users\twist\AppData\Roaming\nvm;C:\Program Files\nodejs;C:\Users\twist\AppData\Roaming\npm

Yarn version: 
  1.19.0

Node version: 
  16.13.2

Platform: 
  win32 x64

Trace: 
  Error: https://registry.yarnpkg.com/express-handlebar: Not found
      at Request.params.callback [as _callback] (C:\Program Files (x86)\Yarn\lib\cli.js:66027:18)
      at Request.self.callback (C:\Program Files (x86)\Yarn\lib\cli.js:140539:22)
      at Request.emit (node:events:390:28)
      at Request.<anonymous> (C:\Program Files (x86)\Yarn\lib\cli.js:141511:10)
      at Request.emit (node:events:390:28)
      at IncomingMessage.<anonymous> (C:\Program Files (x86)\Yarn\lib\cli.js:141433:12)
      at Object.onceWrapper (node:events:509:28)
      at IncomingMessage.emit (node:events:402:35)
      at endReadableNT (node:internal/streams/readable:1343:12)
      at processTicksAndRejections (node:internal/process/task_queues:83:21)

npm manifest: 
  {
    "name": "1_instalacao_MySQL",
    "version": "1.0.0",
    "main": "index.js",
    "license": "MIT"
  }

yarn manifest: 
  No manifest

Lockfile: 
  No lockfile
